#
# There is insufficient memory for the Java Runtime Environment to continue.
# Native memory allocation (mmap) failed to map 117440512 bytes for G1 virtual space
# Possible reasons:
#   The system is out of physical RAM or swap space
#   The process is running with CompressedOops enabled, and the Java Heap may be blocking the growth of the native heap
# Possible solutions:
#   Reduce memory load on the system
#   Increase physical memory or swap space
#   Check if swap backing store is full
#   Decrease Java heap size (-Xmx/-Xms)
#   Decrease number of Java threads
#   Decrease Java thread stack sizes (-Xss)
#   Set larger code cache with -XX:ReservedCodeCacheSize=
#   JVM is running with Unscaled Compressed Oops mode in which the Java heap is
#     placed in the first 4GB address space. The Java Heap base address is the
#     maximum limit for the native heap growth. Please use -XX:HeapBaseMinAddress
#     to set the Java Heap base and to place the Java Heap above 4GB virtual address.
# This output file may be truncated or incomplete.
#
#  Out of Memory Error (os_windows.cpp:3466), pid=9352, tid=16100
#
# JRE version:  (16.0.2+7) (build )
# Java VM: OpenJDK 64-Bit Server VM (16.0.2+7-67, mixed mode, sharing, tiered, compressed oops, compressed class ptrs, g1 gc, windows-amd64)
# No core dump will be written. Minidumps are not enabled by default on client versions of Windows
#

---------------  S U M M A R Y ------------

Command Line: -Dfile.encoding=Cp1252 --module-path=C:\Java\javaAssignment\bin -XX:+ShowCodeDetailsInExceptionMessages -Djdk.module.main=javaAssignment javaAssignment/javaAssignment.Employee

Host: AMD A4-9125 RADEON R3, 4 COMPUTE CORES 2C+2G   , 2 cores, 6G,  Windows 10 , 64 bit Build 19041 (10.0.19041.1202)
Time: Fri Oct  1 19:22:20 2021 E. Africa Standard Time elapsed time: 0.235298 seconds (0d 0h 0m 0s)

---------------  T H R E A D  ---------------

Current thread (0x000001bec8bec0c0):  JavaThread "Unknown thread" [_thread_in_vm, id=16100, stack(0x00000052a5400000,0x00000052a5500000)]

Stack: [0x00000052a5400000,0x00000052a5500000]
Native frames: (J=compiled Java code, j=interpreted, Vv=VM code, C=native code)
V  [jvm.dll+0x6681ca]
V  [jvm.dll+0x7c9e69]
V  [jvm.dll+0x7cb61e]
V  [jvm.dll+0x7cbc73]
V  [jvm.dll+0x242c55]
V  [jvm.dll+0x664f89]
V  [jvm.dll+0x659b75]
V  [jvm.dll+0x2fbfbb]
V  [jvm.dll+0x3031b6]
V  [jvm.dll+0x35299e]
V  [jvm.dll+0x352bcf]
V  [jvm.dll+0x2d3028]
V  [jvm.dll+0x2d4264]
V  [jvm.dll+0x79c741]
V  [jvm.dll+0x360791]
V  [jvm.dll+0x77a3f0]
V  [jvm.dll+0x3e4e8f]
V  [jvm.dll+0x3e6961]
C  [jli.dll+0x52fb]
C  [ucrtbase.dll+0x21bb2]
C  [KERNEL32.DLL+0x17034]
C  [ntdll.dll+0x52651]


---------------  P R O C E S S  ---------------

Threads class SMR info:
_java_thread_list=0x00007ffd24f1cbb8, length=0, elements={
}

Java Threads: ( => current thread )

Other Threads:
  0x000001bec8c26550 GCTaskThread "GC Thread#0" [stack: 0x00000052a5500000,0x00000052a5600000] [id=11720]
  0x000001bec8c35490 ConcurrentGCThread "G1 Main Marker" [stack: 0x00000052a5600000,0x00000052a5700000] [id=12140]
  0x000001bec8c377f0 ConcurrentGCThread "G1 Conc#0" [stack: 0x00000052a5700000,0x00000052a5800000] [id=5220]

[error occurred during error reporting (printing all threads), id 0xc0000005, EXCEPTION_ACCESS_VIOLATION (0xc0000005) at pc=0x00007ffd246f3ee7]

VM state: not at safepoint (not fully initialized)

VM Mutex/Monitor currently owned by a thread:  ([mutex/lock_event])
[0x000001bec8be75a0] Heap_lock - owner thread: 0x000001bec8bec0c0

Heap address: 0x0000000090800000, size: 1784 MB, Compressed Oops mode: 32-bit

CDS archive(s) mapped at: [0x0000000000000000-0x0000000000000000-0x0000000000000000), size 0, SharedBaseAddress: 0x0000000800000000, ArchiveRelocationMode: 0.
Narrow klass base: 0x0000000000000000, Narrow klass shift: 0, Narrow klass range: 0x0

GC Precious Log:
<Empty>

Heap:
 garbage-first heap   total 0K, used 0K [0x0000000090800000, 0x0000000100000000)
  region size 1024K, 0 young (0K), 0 survivors (0K)

[error occurred during error reporting (printing heap information), id 0xc0000005, EXCEPTION_ACCESS_VIOLATION (0xc0000005) at pc=0x00007ffd24ad1eed]

GC Heap History (0 events):
No events

Deoptimization events (0 events):
No events

Classes unloaded (0 events):
No events

Classes redefined (0 events):
No events

Internal exceptions (0 events):
No events

Events (1 events):
Event: 0.044 Loaded shared library C:\Users\charl\.p2\pool\plugins\org.eclipse.justj.openjdk.hotspot.jre.full.win32.x86_64_16.0.2.v20210721-1149\jre\bin\java.dll


Dynamic libraries:
0x00007ff6fa8d0000 - 0x00007ff6fa8de000 	C:\Users\charl\.p2\pool\plugins\org.eclipse.justj.openjdk.hotspot.jre.full.win32.x86_64_16.0.2.v20210721-1149\jre\bin\javaw.exe
0x00007ffd3d250000 - 0x00007ffd3d445000 	C:\WINDOWS\SYSTEM32\ntdll.dll
0x00007ffd3ca10000 - 0x00007ffd3cace000 	C:\WINDOWS\System32\KERNEL32.DLL
0x00007ffd3af20000 - 0x00007ffd3b1e9000 	C:\WINDOWS\System32\KERNELBASE.dll
0x00007ffd381d0000 - 0x00007ffd38260000 	C:\WINDOWS\SYSTEM32\apphelp.dll
0x00007ffd3acf0000 - 0x00007ffd3adf0000 	C:\WINDOWS\System32\ucrtbase.dll
0x00007ffd360c0000 - 0x00007ffd360d8000 	C:\Users\charl\.p2\pool\plugins\org.eclipse.justj.openjdk.hotspot.jre.full.win32.x86_64_16.0.2.v20210721-1149\jre\bin\jli.dll
0x00007ffd3baf0000 - 0x00007ffd3bc91000 	C:\WINDOWS\System32\USER32.dll
0x00007ffd3adf0000 - 0x00007ffd3ae12000 	C:\WINDOWS\System32\win32u.dll
0x00007ffd3c360000 - 0x00007ffd3c38b000 	C:\WINDOWS\System32\GDI32.dll
0x00007ffd3aa00000 - 0x00007ffd3ab0b000 	C:\WINDOWS\System32\gdi32full.dll
0x00007ffd3ae20000 - 0x00007ffd3aebd000 	C:\WINDOWS\System32\msvcp_win.dll
0x00007ffd36080000 - 0x00007ffd36099000 	C:\Users\charl\.p2\pool\plugins\org.eclipse.justj.openjdk.hotspot.jre.full.win32.x86_64_16.0.2.v20210721-1149\jre\bin\VCRUNTIME140.dll
0x00007ffd27270000 - 0x00007ffd2750a000 	C:\WINDOWS\WinSxS\amd64_microsoft.windows.common-controls_6595b64144ccf1df_6.0.19041.1110_none_60b5254171f9507e\COMCTL32.dll
0x00007ffd3bd80000 - 0x00007ffd3be1e000 	C:\WINDOWS\System32\msvcrt.dll
0x00007ffd3bca0000 - 0x00007ffd3bcd0000 	C:\WINDOWS\System32\IMM32.DLL
0x00007ffd37d40000 - 0x00007ffd37d4c000 	C:\Users\charl\.p2\pool\plugins\org.eclipse.justj.openjdk.hotspot.jre.full.win32.x86_64_16.0.2.v20210721-1149\jre\bin\vcruntime140_1.dll
0x00007ffd25240000 - 0x00007ffd252d1000 	C:\Users\charl\.p2\pool\plugins\org.eclipse.justj.openjdk.hotspot.jre.full.win32.x86_64_16.0.2.v20210721-1149\jre\bin\msvcp140.dll
0x00007ffd24410000 - 0x00007ffd24fbb000 	C:\Users\charl\.p2\pool\plugins\org.eclipse.justj.openjdk.hotspot.jre.full.win32.x86_64_16.0.2.v20210721-1149\jre\bin\server\jvm.dll
0x00007ffd3b670000 - 0x00007ffd3b71c000 	C:\WINDOWS\System32\ADVAPI32.dll
0x00007ffd3b500000 - 0x00007ffd3b59b000 	C:\WINDOWS\System32\sechost.dll
0x00007ffd3c180000 - 0x00007ffd3c2aa000 	C:\WINDOWS\System32\RPCRT4.dll
0x00007ffd3ba70000 - 0x00007ffd3ba78000 	C:\WINDOWS\System32\PSAPI.DLL
0x00007ffd28a70000 - 0x00007ffd28a79000 	C:\WINDOWS\SYSTEM32\WSOCK32.dll
0x00007ffd3ba80000 - 0x00007ffd3baeb000 	C:\WINDOWS\System32\WS2_32.dll
0x00007ffd32ad0000 - 0x00007ffd32af7000 	C:\WINDOWS\SYSTEM32\WINMM.dll
0x00007ffd32b00000 - 0x00007ffd32b0a000 	C:\WINDOWS\SYSTEM32\VERSION.dll
0x00007ffd38870000 - 0x00007ffd38882000 	C:\WINDOWS\SYSTEM32\kernel.appcore.dll
0x00007ffd37d00000 - 0x00007ffd37d0a000 	C:\Users\charl\.p2\pool\plugins\org.eclipse.justj.openjdk.hotspot.jre.full.win32.x86_64_16.0.2.v20210721-1149\jre\bin\jimage.dll
0x00007ffd27930000 - 0x00007ffd27b14000 	C:\WINDOWS\SYSTEM32\DBGHELP.DLL
0x00007ffd27230000 - 0x00007ffd2725c000 	C:\WINDOWS\SYSTEM32\dbgcore.DLL
0x00007ffd3a970000 - 0x00007ffd3a9f3000 	C:\WINDOWS\System32\bcryptPrimitives.dll
0x00007ffd36470000 - 0x00007ffd36495000 	C:\Users\charl\.p2\pool\plugins\org.eclipse.justj.openjdk.hotspot.jre.full.win32.x86_64_16.0.2.v20210721-1149\jre\bin\java.dll

dbghelp: loaded successfully - version: 4.0.5 - missing functions: none
symbol engine: initialized successfully - sym options: 0x614 - pdb path: .;C:\Users\charl\.p2\pool\plugins\org.eclipse.justj.openjdk.hotspot.jre.full.win32.x86_64_16.0.2.v20210721-1149\jre\bin;C:\WINDOWS\SYSTEM32;C:\WINDOWS\WinSxS\amd64_microsoft.windows.common-controls_6595b64144ccf1df_6.0.19041.1110_none_60b5254171f9507e;C:\Users\charl\.p2\pool\plugins\org.eclipse.justj.openjdk.hotspot.jre.full.win32.x86_64_16.0.2.v20210721-1149\jre\bin\server

VM Arguments:
jvm_args: -Dfile.encoding=Cp1252 --module-path=C:\Java\javaAssignment\bin -XX:+ShowCodeDetailsInExceptionMessages -Djdk.module.main=javaAssignment 
java_command: javaAssignment/javaAssignment.Employee
java_class_path (initial): <not set>
Launcher Type: SUN_STANDARD

[Global flags]
     intx CICompilerCount                          = 2                                         {product} {ergonomic}
     uint ConcGCThreads                            = 1                                         {product} {ergonomic}
     uint G1ConcRefinementThreads                  = 2                                         {product} {ergonomic}
   size_t G1HeapRegionSize                         = 1048576                                   {product} {ergonomic}
    uintx GCDrainStackTargetSize                   = 64                                        {product} {ergonomic}
   size_t InitialHeapSize                          = 117440512                                 {product} {ergonomic}
   size_t MarkStackSize                            = 4194304                                   {product} {ergonomic}
   size_t MaxHeapSize                              = 1870659584                                {product} {ergonomic}
   size_t MinHeapDeltaBytes                        = 1048576                                   {product} {ergonomic}
   size_t MinHeapSize                              = 8388608                                   {product} {ergonomic}
    uintx NonNMethodCodeHeapSize                   = 5826188                                {pd product} {ergonomic}
    uintx NonProfiledCodeHeapSize                  = 122916026                              {pd product} {ergonomic}
    uintx ProfiledCodeHeapSize                     = 122916026                              {pd product} {ergonomic}
    uintx ReservedCodeCacheSize                    = 251658240                              {pd product} {ergonomic}
     bool SegmentedCodeCache                       = true                                      {product} {ergonomic}
     bool ShowCodeDetailsInExceptionMessages       = true                                   {manageable} {command line}
   size_t SoftMaxHeapSize                          = 1870659584                             {manageable} {ergonomic}
     bool UseCompressedClassPointers               = true                           {product lp64_product} {ergonomic}
     bool UseCompressedOops                        = true                           {product lp64_product} {ergonomic}
     bool UseG1GC                                  = true                                      {product} {ergonomic}
     bool UseLargePagesIndividualAllocation        = false                                  {pd product} {ergonomic}

Logging:
Log output configuration:
 #0: stdout all=warning uptime,level,tags
 #1: stderr all=off uptime,level,tags

Environment Variables:
PATH=C:/Users/charl/.p2/pool/plugins/org.eclipse.justj.openjdk.hotspot.jre.full.win32.x86_64_16.0.2.v20210721-1149/jre/bin/server;C:/Users/charl/.p2/pool/plugins/org.eclipse.justj.openjdk.hotspot.jre.full.win32.x86_64_16.0.2.v20210721-1149/jre/bin;C:\Program Files\Eclipse Foundation\jdk-16.0.2.7-hotspot\bin;C:\WINDOWS\system32;C:\WINDOWS;C:\WINDOWS\System32\Wbem;C:\WINDOWS\System32\WindowsPowerShell\v1.0\;C:\WINDOWS\System32\OpenSSH\;C:\wampNew\bin\php\php7.4.0;C:\ProgramData\ComposerSetup\bin;C:\Program Files\nodejs\;C:\Program Files\PuTTY\;C:\Program Files\Microsoft SQL Server\Client SDK\ODBC\170\Tools\Binn\;C:\Program Files (x86)\Microsoft SQL Server\150\Tools\Binn\;C:\Program Files\Microsoft SQL Server\150\Tools\Binn\;C:\Program Files\Microsoft SQL Server\150\DTS\Binn\;C:\Program Files (x86)\Microsoft SQL Server\150\DTS\Binn\;C:\Program Files\Azure Data Studio\bin;C:\Program Files\dotnet\;C:\Program Files\Microsoft SQL Server\130\Tools\Binn\;C:\Program Files (x86)\Microsoft SQL Server\110\DTS\Binn\;C:\Program Files (x86)\Microsoft SQL Server\120\DTS\Binn\;C:\Program Files (x86)\Microsoft SQL Server\130\DTS\Binn\;C:\Program Files (x86)\Microsoft SQL Server\140\DTS\Binn\;C:\Program Files\Git\cmd;C:\Users\charl\AppData\Local\Programs\Python\Python39\Scripts\;C:\Users\charl\AppData\Local\Programs\Python\Python39\;C:\Users\charl\.windows-build-tools\python27\;C:\Users\charl\AppData\Local\Microsoft\WindowsApps;;C:\Users\charl\AppData\Local\Programs\Microsoft VS Code\bin;C:\Users\charl\AppData\Roaming\Composer\vendor\bin;C:\Users\charl\AppData\Roaming\npm;C:\Users\charl\.dotnet\tools;C:\Users\charl\AppData\Local\Microsoft\WindowsApps;C:\Program Files\Azure Data Studio\bin;C:\Users\charl\.dotnet\tools;C:\WINDOWS\system32;
USERNAME=Charlie
OS=Windows_NT
PROCESSOR_IDENTIFIER=AMD64 Family 21 Model 112 Stepping 0, AuthenticAMD



---------------  S Y S T E M  ---------------

OS:
 Windows 10 , 64 bit Build 19041 (10.0.19041.1202)
OS uptime: 1 days 8:00 hours

CPU: total 2 (initial active 2) (2 cores per cpu, 1 threads per core) family 21 model 112 stepping 0 microcode 0x0, cx8, cmov, fxsr, mmx, 3dnowpref, sse, sse2, sse3, ssse3, sse4a, sse4.1, sse4.2, popcnt, lzcnt, tsc, tscinvbit, avx, avx2, aes, clmul, bmi1, bmi2, fma, vzeroupper, clflush

Memory: 4k page, system-wide physical 7129M (1353M free)
TotalPageFile size 8916M (AvailPageFile size 97M)
current process WorkingSet (physical memory assigned to process): 10M, peak: 10M
current process commit charge ("private bytes"): 47M, peak: 159M

vm_info: OpenJDK 64-Bit Server VM (16.0.2+7-67) for windows-amd64 JRE (16.0.2+7-67), built on Jun  8 2021 23:21:43 by "mach5one" with MS VC++ 16.7 (VS2019)

END.
